TN:
SF:C:/Users/AAB3605/Documents/ViseoCompanion/MobileApp/app/TestComponent.js
FN:23,(anonymous_11)
FNF:1
FNH:0
FNDA:0,(anonymous_11)
DA:4,0
DA:6,0
DA:12,0
DA:17,0
DA:21,0
DA:23,0
LF:6
LH:0
BRDA:12,0,0,0
BRDA:12,0,1,0
BRF:2
BRH:0
end_of_record
TN:
SF:C:/Users/AAB3605/Documents/ViseoCompanion/MobileApp/app/index.js
FN:45,(anonymous_11)
FN:69,renderScene
FN:105,configureScene
FNF:3
FNH:0
FNDA:0,(anonymous_11)
FNDA:0,renderScene
FNDA:0,configureScene
DA:4,1
DA:5,1
DA:6,1
DA:7,1
DA:8,1
DA:9,1
DA:10,1
DA:11,1
DA:12,1
DA:13,1
DA:14,1
DA:15,1
DA:16,1
DA:17,1
DA:18,1
DA:19,1
DA:22,1
DA:28,1
DA:31,3
DA:34,1
DA:35,1
DA:41,1
DA:42,1
DA:43,1
DA:45,1
DA:46,0
DA:47,0
DA:48,0
DA:50,0
DA:54,1
DA:55,1
DA:65,1
DA:70,0
DA:71,0
DA:72,0
DA:75,0
DA:76,0
DA:79,0
DA:80,0
DA:83,0
DA:84,0
DA:87,0
DA:88,0
DA:91,0
DA:92,0
DA:95,0
DA:96,0
DA:99,0
DA:100,0
DA:105,0
LF:50
LH:28
BRDA:31,0,0,1
BRDA:31,0,1,0
BRDA:46,1,0,0
BRDA:46,1,1,0
BRDA:46,2,0,0
BRDA:46,2,1,0
BRDA:71,3,0,0
BRDA:71,3,1,0
BRDA:75,4,0,0
BRDA:75,4,1,0
BRDA:79,5,0,0
BRDA:79,5,1,0
BRDA:83,6,0,0
BRDA:83,6,1,0
BRDA:87,7,0,0
BRDA:87,7,1,0
BRDA:91,8,0,0
BRDA:91,8,1,0
BRDA:95,9,0,0
BRDA:95,9,1,0
BRDA:99,10,0,0
BRDA:99,10,1,0
BRF:22
BRH:1
end_of_record
TN:
SF:C:/Users/AAB3605/Documents/ViseoCompanion/MobileApp/app/actionCreators/events.js
FN:6,addEvent
FN:12,removeEvent
FN:17,setVisibilityFilter
FN:21,toggleParticipation
FNF:4
FNH:0
FNDA:0,addEvent
FNDA:0,removeEvent
FNDA:0,setVisibilityFilter
FNDA:0,toggleParticipation
DA:5,1
DA:6,1
DA:12,1
DA:17,1
DA:21,1
LF:5
LH:5
BRF:0
BRH:0
end_of_record
TN:
SF:C:/Users/AAB3605/Documents/ViseoCompanion/MobileApp/app/actionCreators/filters.js
FN:5,addFilter
FN:10,removeFilter
FNF:2
FNH:0
FNDA:0,addFilter
FNDA:0,removeFilter
DA:5,1
DA:10,1
LF:2
LH:2
BRF:0
BRH:0
end_of_record
TN:
SF:C:/Users/AAB3605/Documents/ViseoCompanion/MobileApp/app/actionCreators/searchWords.js
FN:5,setWords
FNF:1
FNH:0
FNDA:0,setWords
DA:5,1
LF:1
LH:1
BRDA:5,0,0,0
BRDA:5,0,1,0
BRDA:5,1,0,0
BRDA:5,1,1,0
BRDA:8,2,0,0
BRDA:8,2,1,0
BRF:6
BRH:0
end_of_record
TN:
SF:C:/Users/AAB3605/Documents/ViseoCompanion/MobileApp/app/components/appText.js
FN:16,ref
FNF:1
FNH:0
FNDA:0,ref
DA:4,1
DA:5,1
DA:6,1
DA:10,0
DA:13,1
DA:14,1
DA:16,0
DA:25,1
LF:8
LH:6
BRDA:27,0,0,1
BRDA:27,0,1,0
BRF:2
BRH:1
end_of_record
TN:
SF:C:/Users/AAB3605/Documents/ViseoCompanion/MobileApp/app/components/emailInput.js
FN:30,(anonymous_9)
FN:19,onSubmitEditing
FN:20,onChangeText
FNF:3
FNH:2
FNDA:1,(anonymous_9)
FNDA:0,onSubmitEditing
FNDA:1,onChangeText
DA:4,1
DA:5,1
DA:9,1
DA:10,1
DA:23,2
DA:25,1
DA:31,1
DA:34,1
DA:38,0
DA:42,2
LF:10
LH:9
BRDA:23,0,0,1
BRDA:23,0,1,0
BRF:2
BRH:1
end_of_record
TN:
SF:C:/Users/AAB3605/Documents/ViseoCompanion/MobileApp/app/components/filterToggle.js
FN:21,(anonymous_9)
FNF:1
FNH:0
FNDA:0,(anonymous_9)
DA:4,1
DA:5,1
DA:14,0
DA:16,0
DA:22,0
DA:23,0
DA:29,0
DA:30,0
DA:54,1
LF:9
LH:3
BRDA:14,0,0,0
BRDA:14,0,1,0
BRDA:22,1,0,0
BRDA:22,1,1,0
BRDA:34,2,0,0
BRDA:34,2,1,0
BRDA:43,3,0,0
BRDA:43,3,1,0
BRDA:44,4,0,0
BRDA:44,4,1,0
BRF:10
BRH:0
end_of_record
TN:
SF:C:/Users/AAB3605/Documents/ViseoCompanion/MobileApp/app/components/header.js
FNF:0
FNH:0
DA:7,1
DA:8,1
DA:9,1
DA:13,2
DA:18,1
DA:33,1
LF:6
LH:6
BRDA:13,0,0,1
BRDA:13,0,1,0
BRDA:39,1,0,1
BRDA:39,1,1,0
BRF:4
BRH:2
end_of_record
TN:
SF:C:/Users/AAB3605/Documents/ViseoCompanion/MobileApp/app/components/passwordInput.js
FN:31,(anonymous_9)
FN:20,onSubmitEditing
FN:21,onChangeText
FNF:3
FNH:2
FNDA:1,(anonymous_9)
FNDA:0,onSubmitEditing
FNDA:1,onChangeText
DA:4,1
DA:5,1
DA:9,1
DA:10,1
DA:24,2
DA:26,1
DA:32,1
DA:35,1
DA:39,0
DA:43,2
LF:10
LH:9
BRDA:24,0,0,1
BRDA:24,0,1,0
BRF:2
BRH:1
end_of_record
TN:
SF:C:/Users/AAB3605/Documents/ViseoCompanion/MobileApp/app/components/events/eventCard.js
FN:40,(anonymous_10)
FN:50,onPress
FN:21,onParticipationChange
FNF:3
FNH:1
FNDA:1,(anonymous_10)
FNDA:0,onPress
FNDA:0,onParticipationChange
DA:4,1
DA:5,1
DA:6,1
DA:7,1
DA:8,1
DA:9,1
DA:10,1
DA:11,1
DA:29,2
DA:34,0
DA:35,0
DA:36,0
DA:37,0
DA:41,1
DA:42,1
DA:43,1
DA:51,0
DA:59,1
DA:60,1
DA:85,2
DA:97,1
DA:103,1
DA:114,1
DA:131,1
DA:144,1
DA:158,1
DA:159,1
DA:173,1
DA:189,1
DA:295,1
LF:30
LH:25
BRDA:29,0,0,1
BRDA:29,0,1,0
BRDA:41,1,0,0
BRDA:41,1,1,1
BRDA:42,2,0,0
BRDA:42,2,1,1
BRDA:53,3,0,0
BRDA:53,3,1,1
BRDA:35,4,0,0
BRDA:35,4,1,0
BRDA:107,5,0,0
BRDA:107,5,1,1
BRDA:297,6,0,1
BRDA:297,6,1,0
BRF:14
BRH:6
end_of_record
TN:
SF:C:/Users/AAB3605/Documents/ViseoCompanion/MobileApp/app/components/events/eventDetails.js
FNF:0
FNH:0
DA:4,1
DA:5,1
DA:6,1
DA:7,1
DA:8,1
DA:9,1
DA:16,1
DA:35,2
DA:40,1
DA:41,1
DA:68,1
DA:69,1
DA:70,1
DA:86,1
DA:94,1
DA:102,1
DA:103,1
DA:111,1
DA:112,1
DA:113,3
DA:115,1
DA:119,1
LF:22
LH:22
BRDA:35,0,0,1
BRDA:35,0,1,0
BRDA:69,1,0,1
BRDA:69,1,1,0
BRF:4
BRH:2
end_of_record
TN:
SF:C:/Users/AAB3605/Documents/ViseoCompanion/MobileApp/app/components/events/eventDetailsHeader.js
FNF:0
FNH:0
DA:4,1
DA:5,1
DA:6,1
DA:7,1
DA:8,1
DA:16,3
DA:18,1
DA:19,1
DA:20,1
DA:27,1
DA:36,1
DA:46,1
DA:57,1
DA:68,1
DA:76,1
DA:87,1
DA:100,1
LF:17
LH:17
BRDA:16,0,0,1
BRDA:16,0,1,0
BRF:2
BRH:1
end_of_record
TN:
SF:C:/Users/AAB3605/Documents/ViseoCompanion/MobileApp/app/components/events/eventDetailsParticipationInfos.js
FN:30,(anonymous_9)
FN:82,onClick
FNF:2
FNH:1
FNDA:1,(anonymous_9)
FNDA:0,onClick
DA:4,1
DA:5,1
DA:6,1
DA:7,1
DA:8,1
DA:23,4
DA:25,2
DA:31,1
DA:32,1
DA:36,3
DA:46,3
DA:59,3
DA:60,3
DA:73,0
DA:77,3
DA:78,3
DA:92,1
LF:17
LH:16
BRDA:23,0,0,2
BRDA:23,0,1,0
BRF:2
BRH:1
end_of_record
TN:
SF:C:/Users/AAB3605/Documents/ViseoCompanion/MobileApp/app/components/events/eventList.js
FN:113,(anonymous_12)
FN:125,onParticipationChange
FN:126,onPress
FN:131,onParticipationChange
FN:23,rowHasChanged
FN:60,onPress
FN:71,onSelect
FN:72,onUnselect
FN:78,onPress
FN:88,onPress
FNF:10
FNH:0
FNDA:0,(anonymous_12)
FNDA:0,onParticipationChange
FNDA:0,onPress
FNDA:0,onParticipationChange
FNDA:0,rowHasChanged
FNDA:0,onPress
FNDA:0,onSelect
FNDA:0,onUnselect
FNDA:0,onPress
FNDA:0,onPress
DA:4,1
DA:5,1
DA:14,1
DA:15,1
DA:16,1
DA:20,0
DA:22,0
DA:24,0
DA:25,0
DA:27,0
DA:28,0
DA:29,0
DA:30,0
DA:31,0
DA:33,0
DA:36,0
DA:42,0
DA:48,0
DA:49,0
DA:50,0
DA:51,0
DA:54,0
DA:55,0
DA:61,0
DA:62,0
DA:63,0
DA:71,0
DA:72,0
DA:79,0
DA:80,0
DA:81,0
DA:89,0
DA:90,0
DA:91,0
DA:113,0
DA:114,0
DA:115,0
DA:116,0
DA:125,0
DA:127,0
LF:40
LH:5
BRDA:20,0,0,0
BRDA:20,0,1,0
BRDA:24,1,0,0
BRDA:24,1,1,0
BRDA:28,2,0,0
BRDA:28,2,1,0
BRDA:30,3,0,0
BRDA:30,3,1,0
BRDA:48,4,0,0
BRDA:48,4,1,0
BRDA:61,5,0,0
BRDA:61,5,1,0
BRDA:63,6,0,0
BRDA:63,6,1,0
BRDA:79,7,0,0
BRDA:79,7,1,0
BRDA:81,8,0,0
BRDA:81,8,1,0
BRDA:89,9,0,0
BRDA:89,9,1,0
BRDA:91,10,0,0
BRDA:91,10,1,0
BRF:22
BRH:0
end_of_record
TN:
SF:C:/Users/AAB3605/Documents/ViseoCompanion/MobileApp/app/components/events/eventListView.js
FN:60,(anonymous_12)
FN:72,_callee
FN:73,onPress
FN:20,rowHasChanged
FNF:4
FNH:0
FNDA:0,(anonymous_12)
FNDA:0,_callee
FNDA:0,onPress
FNDA:0,rowHasChanged
DA:4,1
DA:5,1
DA:13,1
DA:17,3
DA:19,1
DA:20,0
DA:22,1
DA:28,0
DA:34,1
DA:60,0
DA:61,0
DA:62,0
DA:63,0
DA:72,0
DA:73,0
LF:15
LH:7
BRDA:17,0,0,1
BRDA:17,0,1,0
BRDA:72,1,0,0
BRDA:72,1,1,0
BRDA:72,1,2,0
BRF:5
BRH:1
end_of_record
TN:
SF:C:/Users/AAB3605/Documents/ViseoCompanion/MobileApp/app/components/events/filter.js
FN:36,(anonymous_9)
FN:26,(anonymous_11)
FNF:2
FNH:2
FNDA:4,(anonymous_9)
FNDA:9,(anonymous_11)
DA:4,1
DA:5,1
DA:6,1
DA:16,8
DA:18,4
DA:23,8
DA:24,4
DA:25,4
DA:26,4
DA:27,9
DA:28,27
DA:29,5
DA:33,4
DA:37,4
DA:38,4
DA:39,4
DA:45,8
DA:46,8
DA:73,0
DA:88,1
LF:20
LH:19
BRDA:16,0,0,4
BRDA:16,0,1,0
BRDA:37,1,0,0
BRDA:37,1,1,4
BRDA:28,2,0,5
BRDA:28,2,1,22
BRDA:28,3,0,27
BRDA:28,3,1,8
BRDA:55,4,0,8
BRDA:55,4,1,4
BRDA:62,5,0,8
BRDA:62,5,1,4
BRDA:63,6,0,8
BRDA:63,6,1,4
BRF:14
BRH:12
end_of_record
TN:
SF:C:/Users/AAB3605/Documents/ViseoCompanion/MobileApp/app/components/events/filterBar.js
FN:61,(anonymous_9)
FN:26,(anonymous_11)
FN:28,(anonymous_12)
FN:76,(anonymous_15)
FN:86,(anonymous_17)
FN:96,onFilter
FNF:6
FNH:6
FNDA:2,(anonymous_9)
FNDA:2,(anonymous_11)
FNDA:2,(anonymous_12)
FNDA:2,(anonymous_15)
FNDA:10,(anonymous_17)
FNDA:2,onFilter
DA:4,1
DA:5,1
DA:9,1
DA:10,1
DA:14,4
DA:16,2
DA:23,1
DA:24,0
DA:26,1
DA:27,2
DA:28,2
DA:29,2
DA:30,6
DA:31,0
DA:32,0
DA:36,2
DA:41,2
DA:42,2
DA:43,2
DA:44,3
DA:45,3
DA:46,1
DA:49,2
DA:50,2
DA:51,3
DA:52,2
DA:53,2
DA:58,2
DA:61,4
DA:62,2
DA:63,2
DA:64,2
DA:65,2
DA:66,2
DA:70,2
DA:71,2
DA:75,2
DA:76,2
DA:77,2
DA:78,2
DA:79,2
DA:80,2
DA:84,8
DA:85,4
DA:86,4
DA:87,10
DA:96,2
DA:101,4
DA:119,1
LF:49
LH:46
BRDA:14,0,0,2
BRDA:14,0,1,0
BRDA:63,1,0,2
BRDA:63,1,1,0
BRDA:65,2,0,0
BRDA:65,2,1,2
BRDA:23,3,0,0
BRDA:23,3,1,1
BRDA:23,4,0,1
BRDA:23,4,1,1
BRDA:30,5,0,0
BRDA:30,5,1,6
BRDA:30,6,0,6
BRDA:30,6,1,0
BRDA:45,7,0,1
BRDA:45,7,1,2
BRDA:51,8,0,2
BRDA:51,8,1,1
BRDA:51,9,0,3
BRDA:51,9,1,2
BRDA:54,10,0,1
BRDA:54,10,1,1
BRF:22
BRH:16
end_of_record
TN:
SF:C:/Users/AAB3605/Documents/ViseoCompanion/MobileApp/app/components/events/header.js
FN:90,(anonymous_11)
FN:129,(anonymous_12)
FNF:2
FNH:0
FNDA:0,(anonymous_11)
FNDA:0,(anonymous_12)
DA:4,1
DA:5,1
DA:11,1
DA:12,1
DA:13,1
DA:14,1
DA:15,1
DA:19,3
DA:21,1
DA:27,1
DA:32,1
DA:72,1
DA:73,1
DA:91,0
DA:101,1
DA:130,0
DA:136,1
LF:17
LH:15
BRDA:19,0,0,1
BRDA:19,0,1,0
BRDA:72,1,0,0
BRDA:72,1,1,1
BRDA:103,2,0,0
BRDA:103,2,1,1
BRF:6
BRH:3
end_of_record
TN:
SF:C:/Users/AAB3605/Documents/ViseoCompanion/MobileApp/app/components/events/searchBar.js
FN:19,(anonymous_9)
FN:27,(anonymous_10)
FN:30,(anonymous_11)
FN:77,(anonymous_12)
FNF:4
FNH:4
FNDA:6,(anonymous_9)
FNDA:2,(anonymous_10)
FNDA:2,(anonymous_11)
FNDA:1,(anonymous_12)
DA:4,1
DA:5,1
DA:11,1
DA:15,12
DA:19,6
DA:20,6
DA:21,6
DA:22,6
DA:28,2
DA:29,2
DA:30,2
DA:31,2
DA:32,2
DA:33,1
DA:36,2
DA:40,2
DA:44,2
DA:45,6
DA:46,0
DA:47,6
DA:51,1
DA:54,2
DA:55,2
DA:59,5
DA:60,5
DA:61,0
DA:62,0
DA:63,0
DA:64,0
DA:65,0
DA:70,5
DA:74,2
DA:78,1
DA:79,1
DA:83,3
DA:106,1
LF:36
LH:30
BRDA:15,0,0,3
BRDA:15,0,1,0
BRDA:19,1,0,0
BRDA:19,1,1,6
BRDA:19,2,0,6
BRDA:19,2,1,0
BRDA:20,3,0,0
BRDA:20,3,1,6
BRDA:21,4,0,0
BRDA:21,4,1,6
BRDA:22,5,0,6
BRDA:22,5,1,6
BRDA:22,5,2,6
BRDA:32,6,0,1
BRDA:32,6,1,1
BRDA:45,7,0,0
BRDA:45,7,1,6
BRDA:45,8,0,6
BRDA:45,8,1,6
BRDA:47,9,0,1
BRDA:47,9,1,5
BRDA:48,10,0,6
BRDA:48,10,1,5
BRDA:61,11,0,0
BRDA:61,11,1,0
BRDA:64,12,0,0
BRDA:64,12,1,0
BRDA:92,13,0,3
BRDA:92,13,1,0
BRF:29
BRH:18
end_of_record
TN:
SF:C:/Users/AAB3605/Documents/ViseoCompanion/MobileApp/app/config/settings.js
FN:28,addEventParticipant
FN:31,removeEventParticipant
FN:34,getEventParticipants
FN:37,getEventParticipant
FN:40,getEventsWithParticipant
FN:43,getUserByEmail
FN:46,getEventsByRegisteredUser
FNF:7
FNH:0
FNDA:0,addEventParticipant
FNDA:0,removeEventParticipant
FNDA:0,getEventParticipants
FNDA:0,getEventParticipant
FNDA:0,getEventsWithParticipant
FNDA:0,getUserByEmail
FNDA:0,getEventsByRegisteredUser
DA:15,1
DA:17,1
DA:18,1
DA:20,1
DA:29,0
DA:32,0
DA:35,0
DA:38,0
DA:41,0
DA:44,0
DA:47,0
DA:51,1
LF:12
LH:5
BRF:0
BRH:0
end_of_record
TN:
SF:C:/Users/AAB3605/Documents/ViseoCompanion/MobileApp/app/containers/VisibleEvents.js
FN:11,containsString
FN:20,getFilteredEvents
FN:21,(anonymous_5)
FN:23,(anonymous_6)
FN:35,getSearchedEvents
FN:36,(anonymous_8)
FN:38,(anonymous_9)
FN:53,getVisibleEventList
FN:61,(anonymous_11)
FN:63,(anonymous_12)
FN:69,mapStateToProps
FN:79,mapDispatchToProps
FNF:12
FNH:0
FNDA:0,containsString
FNDA:0,getFilteredEvents
FNDA:0,(anonymous_5)
FNDA:0,(anonymous_6)
FNDA:0,getSearchedEvents
FNDA:0,(anonymous_8)
FNDA:0,(anonymous_9)
FNDA:0,getVisibleEventList
FNDA:0,(anonymous_11)
FNDA:0,(anonymous_12)
FNDA:0,mapStateToProps
FNDA:0,mapDispatchToProps
DA:4,1
DA:5,1
DA:6,1
DA:7,1
DA:8,1
DA:9,1
DA:11,1
DA:12,0
DA:13,0
DA:15,0
DA:16,0
DA:17,0
DA:20,1
DA:21,0
DA:22,0
DA:23,0
DA:24,0
DA:25,0
DA:26,0
DA:27,0
DA:31,0
DA:35,1
DA:36,0
DA:37,0
DA:38,0
DA:39,0
DA:40,0
DA:41,0
DA:42,0
DA:45,0
DA:46,0
DA:49,0
DA:53,1
DA:54,0
DA:55,0
DA:56,0
DA:57,0
DA:59,0
DA:61,0
DA:63,0
DA:65,0
DA:69,1
DA:79,1
DA:80,0
DA:88,1
LF:45
LH:13
BRDA:11,0,0,0
BRDA:11,0,1,0
BRDA:11,1,0,0
BRDA:11,1,1,0
BRDA:12,2,0,0
BRDA:12,2,1,0
BRDA:12,3,0,0
BRDA:12,3,1,0
BRDA:15,4,0,0
BRDA:15,4,1,0
BRDA:16,5,0,0
BRDA:16,5,1,0
BRDA:26,6,0,0
BRDA:26,6,1,0
BRDA:26,7,0,0
BRDA:26,7,1,0
BRDA:41,8,0,0
BRDA:41,8,1,0
BRDA:45,9,0,0
BRDA:45,9,1,0
BRDA:55,10,0,0
BRDA:55,10,1,0
BRDA:56,11,0,0
BRDA:56,11,1,0
BRDA:58,12,0,0
BRDA:58,12,1,0
BRDA:58,12,2,0
BRDA:58,12,3,0
BRF:28
BRH:0
end_of_record
TN:
SF:C:/Users/AAB3605/Documents/ViseoCompanion/MobileApp/app/reducers/events.js
FN:5,event
FN:23,events
FN:31,(anonymous_4)
FN:42,(anonymous_5)
FN:50,(anonymous_6)
FNF:5
FNH:1
FNDA:0,event
FNDA:3,events
FNDA:0,(anonymous_4)
FNDA:0,(anonymous_5)
FNDA:0,(anonymous_6)
DA:5,1
DA:6,0
DA:8,0
DA:19,0
DA:23,3
DA:24,3
DA:26,0
DA:31,0
DA:32,0
DA:37,0
DA:42,0
DA:43,0
DA:45,0
DA:50,0
DA:51,0
DA:59,3
LF:16
LH:4
BRDA:7,0,0,0
BRDA:7,0,1,0
BRDA:23,1,0,1
BRDA:23,1,1,2
BRDA:23,2,0,3
BRDA:23,2,1,3
BRDA:25,3,0,0
BRDA:25,3,1,0
BRDA:25,3,2,0
BRDA:25,3,3,0
BRDA:25,3,4,3
BRDA:51,4,0,0
BRDA:51,4,1,0
BRF:13
BRH:5
end_of_record
TN:
SF:C:/Users/AAB3605/Documents/ViseoCompanion/MobileApp/app/reducers/filters.js
FN:5,deepEqual
FN:15,filters
FN:18,(anonymous_3)
FN:27,(anonymous_4)
FNF:4
FNH:1
FNDA:0,deepEqual
FNDA:3,filters
FNDA:0,(anonymous_3)
FNDA:0,(anonymous_4)
DA:5,1
DA:6,0
DA:7,0
DA:8,0
DA:9,0
DA:10,0
DA:12,0
DA:15,3
DA:16,3
DA:18,0
DA:19,0
DA:21,0
DA:22,0
DA:23,0
DA:25,0
DA:27,0
DA:28,0
DA:30,0
DA:37,3
LF:19
LH:4
BRDA:7,0,0,0
BRDA:7,0,1,0
BRDA:9,1,0,0
BRDA:9,1,1,0
BRDA:15,2,0,1
BRDA:15,2,1,2
BRDA:15,3,0,3
BRDA:15,3,1,3
BRDA:17,4,0,0
BRDA:17,4,1,0
BRDA:17,4,2,3
BRDA:21,5,0,0
BRDA:21,5,1,0
BRDA:31,6,0,0
BRDA:31,6,1,0
BRF:15
BRH:5
end_of_record
TN:
SF:C:/Users/AAB3605/Documents/ViseoCompanion/MobileApp/app/reducers/index.js
FNF:0
FNH:0
DA:4,1
DA:5,1
DA:6,1
DA:7,1
DA:8,1
DA:10,1
LF:6
LH:6
BRF:0
BRH:0
end_of_record
TN:
SF:C:/Users/AAB3605/Documents/ViseoCompanion/MobileApp/app/reducers/searchWords.js
FN:5,searchWords
FNF:1
FNH:1
FNDA:3,searchWords
DA:5,3
DA:6,3
DA:8,0
DA:10,3
LF:4
LH:3
BRDA:5,0,0,1
BRDA:5,0,1,2
BRDA:5,1,0,3
BRDA:5,1,1,3
BRDA:7,2,0,0
BRDA:7,2,1,3
BRF:6
BRH:5
end_of_record
TN:
SF:C:/Users/AAB3605/Documents/ViseoCompanion/MobileApp/app/reducers/visibilityFilter.js
FN:5,visibilityFilter
FNF:1
FNH:1
FNDA:3,visibilityFilter
DA:5,3
DA:6,3
DA:8,0
DA:10,3
LF:4
LH:3
BRDA:5,0,0,1
BRDA:5,0,1,2
BRDA:5,1,0,3
BRDA:5,1,1,3
BRDA:7,2,0,0
BRDA:7,2,1,3
BRF:6
BRH:5
end_of_record
TN:
SF:C:/Users/AAB3605/Documents/ViseoCompanion/MobileApp/app/scenes/addEvent.js
FN:58,_callee
FN:131,onChangeText
FN:143,onChangeText
FN:156,onDateChange
FN:180,onChangeText
FN:192,onRequestClose
FN:212,onPress
FNF:7
FNH:0
FNDA:0,_callee
FNDA:0,onChangeText
FNDA:0,onChangeText
FNDA:0,onDateChange
FNDA:0,onChangeText
FNDA:0,onRequestClose
FNDA:0,onPress
DA:9,1
DA:10,1
DA:28,1
DA:29,1
DA:30,1
DA:33,0
DA:35,0
DA:45,0
DA:46,0
DA:50,0
DA:55,0
DA:58,0
DA:59,0
DA:64,0
DA:72,0
DA:77,0
DA:78,0
DA:79,0
DA:81,0
DA:86,0
DA:114,0
DA:123,0
DA:124,0
DA:131,0
DA:136,0
DA:137,0
DA:143,0
DA:148,0
DA:149,0
DA:156,0
DA:172,0
DA:173,0
DA:180,0
DA:185,0
DA:186,0
DA:193,0
DA:213,0
DA:234,1
LF:38
LH:6
BRDA:33,0,0,0
BRDA:33,0,1,0
BRDA:58,1,0,0
BRDA:58,1,1,0
BRDA:58,1,2,0
BRDA:58,1,3,0
BRDA:58,2,0,0
BRDA:58,2,1,0
BRDA:77,3,0,0
BRDA:77,3,1,0
BRDA:77,4,0,0
BRDA:77,4,1,0
BRDA:77,4,2,0
BRF:13
BRH:0
end_of_record
TN:
SF:C:/Users/AAB3605/Documents/ViseoCompanion/MobileApp/app/scenes/home.js
FN:56,_callee
FN:62,(anonymous_12)
FN:79,_callee2
FN:79,_callee2$
FN:80,(anonymous_15)
FN:93,(anonymous_16)
FN:98,(anonymous_17)
FN:103,onParticipationChange
FN:110,(anonymous_20)
FN:203,(anonymous_21)
FN:169,onPress
FNF:11
FNH:3
FNDA:30,_callee
FNDA:10,(anonymous_12)
FNDA:0,_callee2
FNDA:0,_callee2$
FNDA:0,(anonymous_15)
FNDA:0,(anonymous_16)
FNDA:0,(anonymous_17)
FNDA:0,onParticipationChange
FNDA:0,(anonymous_20)
FNDA:6,(anonymous_21)
FNDA:0,onPress
DA:4,1
DA:5,1
DA:24,1
DA:25,1
DA:26,1
DA:27,1
DA:28,1
DA:29,1
DA:30,1
DA:31,1
DA:40,64
DA:42,8
DA:56,60
DA:57,6
DA:60,6
DA:61,6
DA:62,6
DA:63,10
DA:64,10
DA:65,10
DA:66,5
DA:67,5
DA:70,10
DA:72,6
DA:76,6
DA:79,0
DA:80,0
DA:81,0
DA:85,0
DA:89,0
DA:90,0
DA:94,0
DA:95,0
DA:99,0
DA:103,0
DA:111,0
DA:112,0
DA:116,26
DA:126,0
DA:127,0
DA:129,0
DA:130,0
DA:131,0
DA:141,0
DA:145,0
DA:163,0
DA:164,0
DA:170,0
DA:182,0
DA:191,0
DA:204,6
DA:205,6
DA:211,6
DA:223,1
LF:54
LH:30
BRDA:40,0,0,8
BRDA:40,0,1,0
BRDA:56,1,0,6
BRDA:56,1,1,6
BRDA:56,1,2,6
BRDA:56,1,3,0
BRDA:56,1,4,6
BRDA:65,2,0,5
BRDA:65,2,1,5
BRDA:79,3,0,0
BRDA:79,3,1,0
BRDA:79,3,2,0
BRDA:79,3,3,0
BRDA:79,3,4,0
BRDA:81,4,0,0
BRDA:81,4,1,0
BRDA:79,5,0,0
BRDA:79,5,1,0
BRDA:94,6,0,0
BRDA:94,6,1,0
BRDA:103,7,0,0
BRDA:103,7,1,0
BRDA:103,7,2,0
BRDA:111,8,0,0
BRDA:111,8,1,0
BRDA:127,9,0,0
BRDA:127,9,1,0
BRDA:129,10,0,0
BRDA:129,10,1,0
BRDA:130,11,0,0
BRDA:130,11,1,0
BRF:31
BRH:7
end_of_record
TN:
SF:C:/Users/AAB3605/Documents/ViseoCompanion/MobileApp/app/scenes/recoverPassword.js
FNF:0
FNH:0
DA:4,1
DA:5,1
DA:6,1
DA:11,1
LF:4
LH:4
BRF:0
BRH:0
end_of_record
TN:
SF:C:/Users/AAB3605/Documents/ViseoCompanion/MobileApp/app/scenes/signIn.js
FN:62,_callee
FN:136,(anonymous_12)
FN:145,onChangeText
FN:146,onSubmitEditing
FN:177,onChangeText
FN:178,onSubmitEditing
FNF:6
FNH:1
FNDA:0,_callee
FNDA:2,(anonymous_12)
FNDA:0,onChangeText
FNDA:0,onSubmitEditing
FNDA:0,onChangeText
FNDA:0,onSubmitEditing
DA:5,1
DA:6,1
DA:23,1
DA:24,1
DA:25,1
DA:26,1
DA:27,1
DA:28,1
DA:29,1
DA:30,1
DA:33,4
DA:36,1
DA:43,1
DA:44,1
DA:45,1
DA:46,1
DA:47,1
DA:51,1
DA:57,0
DA:62,0
DA:64,0
DA:65,0
DA:66,0
DA:67,0
DA:68,0
DA:69,0
DA:70,0
DA:77,0
DA:80,0
DA:81,0
DA:86,0
DA:88,0
DA:90,0
DA:95,0
DA:101,0
DA:102,0
DA:103,0
DA:106,0
DA:110,2
DA:137,2
DA:142,2
DA:143,2
DA:145,0
DA:147,0
DA:148,0
DA:153,2
DA:164,2
DA:174,2
DA:175,2
DA:177,0
DA:179,0
DA:180,0
DA:185,2
DA:196,2
DA:207,2
LF:55
LH:29
BRDA:33,0,0,1
BRDA:33,0,1,0
BRDA:62,1,0,0
BRDA:62,1,1,0
BRDA:62,1,2,0
BRDA:62,1,3,0
BRDA:62,1,4,0
BRDA:67,2,0,0
BRDA:67,2,1,0
BRDA:69,3,0,0
BRDA:69,3,1,0
BRDA:101,4,0,0
BRDA:101,4,1,0
BRDA:101,5,0,0
BRDA:101,5,1,0
BRDA:147,6,0,0
BRDA:147,6,1,0
BRDA:179,7,0,0
BRDA:179,7,1,0
BRF:19
BRH:1
end_of_record
TN:
SF:C:/Users/AAB3605/Documents/ViseoCompanion/MobileApp/app/scenes/signUp.js
FN:155,onSubmitEditing
FN:162,onSubmitEditing
FN:171,onSubmitEditing
FN:215,onRequestClose
FNF:4
FNH:0
FNDA:0,onSubmitEditing
FNDA:0,onSubmitEditing
FNDA:0,onSubmitEditing
FNDA:0,onRequestClose
DA:5,1
DA:6,1
DA:23,1
DA:24,1
DA:25,1
DA:26,1
DA:27,1
DA:28,1
DA:29,1
DA:33,3
DA:36,1
DA:48,1
DA:49,1
DA:50,1
DA:51,1
DA:52,1
DA:53,1
DA:57,0
DA:61,0
DA:67,0
DA:75,0
DA:83,0
DA:85,0
DA:93,0
DA:116,0
DA:118,0
DA:122,0
DA:129,0
DA:130,0
DA:131,0
DA:134,0
DA:137,1
DA:138,1
DA:155,0
DA:163,0
DA:172,0
DA:176,0
DA:208,1
DA:209,1
DA:216,0
DA:249,1
DA:251,1
DA:253,1
DA:255,1
DA:257,1
DA:260,1
LF:46
LH:27
BRDA:33,0,0,1
BRDA:33,0,1,0
BRDA:69,1,0,0
BRDA:69,1,1,0
BRDA:77,2,0,0
BRDA:77,2,1,0
BRDA:83,3,0,0
BRDA:83,3,1,0
BRDA:129,4,0,0
BRDA:129,4,1,0
BRDA:129,5,0,0
BRDA:129,5,1,0
BRDA:129,5,2,0
BRDA:153,6,0,1
BRDA:153,6,1,0
BRDA:159,7,0,1
BRDA:159,7,1,0
BRDA:168,8,0,1
BRDA:168,8,1,0
BRDA:172,9,0,0
BRDA:172,9,1,0
BRDA:172,10,0,0
BRDA:172,10,1,0
BRDA:172,10,2,0
BRDA:172,10,3,0
BRDA:250,11,0,0
BRDA:250,11,1,1
BRDA:252,12,0,0
BRDA:252,12,1,1
BRDA:254,13,0,0
BRDA:254,13,1,1
BRDA:256,14,0,0
BRDA:256,14,1,1
BRDA:258,15,0,0
BRDA:258,15,1,1
BRF:35
BRH:9
end_of_record
TN:
SF:C:/Users/AAB3605/Documents/ViseoCompanion/MobileApp/app/styles/form.js
FNF:0
FNH:0
DA:4,1
LF:1
LH:1
BRF:0
BRH:0
end_of_record
TN:
SF:C:/Users/AAB3605/Documents/ViseoCompanion/MobileApp/app/util/dateHandler.js
FN:7,setDateLang
FN:55,isPM
FN:63,meridiem
FNF:3
FNH:1
FNDA:1,setDateLang
FNDA:0,isPM
FNDA:0,meridiem
DA:5,1
DA:8,1
DA:9,0
DA:11,1
DA:56,0
DA:64,0
LF:6
LH:3
BRDA:8,0,0,0
BRDA:8,0,1,1
BRDA:64,1,0,0
BRDA:64,1,1,0
BRF:4
BRH:1
end_of_record
TN:
SF:C:/Users/AAB3605/Documents/ViseoCompanion/MobileApp/app/util/db.js
FN:9,addEvent
FN:9,addEvent$
FN:33,addEventParticipant
FN:33,addEventParticipant$
FN:51,addUser
FN:51,addUser$
FN:81,getUserByEmail
FN:81,getUserByEmail$
FN:96,authenticate
FN:96,authenticate$
FN:122,getEvents
FN:122,getEvents$
FN:145,getEventsByRegisteredUser
FN:145,getEventsByRegisteredUser$
FN:167,getUserByEmail
FN:167,getUserByEmail$
FN:182,getEventParticipant
FN:182,getEventParticipant$
FN:197,getEventParticipants
FN:197,getEventParticipants$
FN:222,getEventsWithParticipant
FN:222,getEventsWithParticipant$
FN:245,removeEventParticipant$
FNF:23
FNH:0
FNDA:0,addEvent
FNDA:0,addEvent$
FNDA:0,addEventParticipant
FNDA:0,addEventParticipant$
FNDA:0,addUser
FNDA:0,addUser$
FNDA:0,getUserByEmail
FNDA:0,getUserByEmail$
FNDA:0,authenticate
FNDA:0,authenticate$
FNDA:0,getEvents
FNDA:0,getEvents$
FNDA:0,getEventsByRegisteredUser
FNDA:0,getEventsByRegisteredUser$
FNDA:0,getUserByEmail
FNDA:0,getUserByEmail$
FNDA:0,getEventParticipant
FNDA:0,getEventParticipant$
FNDA:0,getEventParticipants
FNDA:0,getEventParticipants$
FNDA:0,getEventsWithParticipant
FNDA:0,getEventsWithParticipant$
FNDA:0,removeEventParticipant$
DA:4,1
DA:5,1
DA:6,1
DA:7,1
DA:9,0
DA:11,0
DA:29,0
DA:33,0
DA:35,0
DA:41,0
DA:46,0
DA:51,0
DA:59,0
DA:70,0
DA:75,0
DA:81,0
DA:83,0
DA:85,0
DA:91,0
DA:96,0
DA:98,0
DA:109,0
DA:115,0
DA:122,0
DA:124,0
DA:125,0
DA:126,0
DA:127,0
DA:128,0
DA:129,0
DA:140,0
DA:145,0
DA:147,0
DA:148,0
DA:149,0
DA:150,0
DA:151,0
DA:152,0
DA:162,0
DA:167,0
DA:169,0
DA:171,0
DA:177,0
DA:182,0
DA:184,0
DA:186,0
DA:192,0
DA:197,0
DA:199,0
DA:200,0
DA:202,0
DA:203,0
DA:204,0
DA:205,0
DA:216,0
DA:222,0
DA:224,0
DA:225,0
DA:226,0
DA:227,0
DA:228,0
DA:229,0
DA:240,0
DA:245,0
DA:247,0
DA:253,0
DA:258,0
LF:67
LH:4
BRDA:9,0,0,0
BRDA:9,0,1,0
BRDA:9,0,2,0
BRDA:9,0,3,0
BRDA:9,0,4,0
BRDA:9,0,5,0
BRDA:20,1,0,0
BRDA:20,1,1,0
BRDA:9,2,0,0
BRDA:9,2,1,0
BRDA:33,3,0,0
BRDA:33,3,1,0
BRDA:33,3,2,0
BRDA:33,3,3,0
BRDA:33,3,4,0
BRDA:33,3,5,0
BRDA:33,3,6,0
BRDA:33,3,7,0
BRDA:33,4,0,0
BRDA:33,4,1,0
BRDA:51,5,0,0
BRDA:51,5,1,0
BRDA:51,5,2,0
BRDA:51,5,3,0
BRDA:51,5,4,0
BRDA:51,5,5,0
BRDA:51,5,6,0
BRDA:51,5,7,0
BRDA:51,5,8,0
BRDA:51,5,9,0
BRDA:51,6,0,0
BRDA:51,6,1,0
BRDA:52,7,0,0
BRDA:52,7,1,0
BRDA:55,8,0,0
BRDA:55,8,1,0
BRDA:81,9,0,0
BRDA:81,9,1,0
BRDA:81,9,2,0
BRDA:81,9,3,0
BRDA:81,9,4,0
BRDA:81,9,5,0
BRDA:81,9,6,0
BRDA:81,9,7,0
BRDA:81,10,0,0
BRDA:81,10,1,0
BRDA:96,11,0,0
BRDA:96,11,1,0
BRDA:96,11,2,0
BRDA:96,11,3,0
BRDA:96,11,4,0
BRDA:96,11,5,0
BRDA:96,11,6,0
BRDA:96,11,7,0
BRDA:96,12,0,0
BRDA:96,12,1,0
BRDA:122,13,0,0
BRDA:122,13,1,0
BRDA:122,13,2,0
BRDA:122,13,3,0
BRDA:122,13,4,0
BRDA:122,13,5,0
BRDA:122,13,6,0
BRDA:145,14,0,0
BRDA:145,14,1,0
BRDA:145,14,2,0
BRDA:145,14,3,0
BRDA:145,14,4,0
BRDA:145,14,5,0
BRDA:145,14,6,0
BRDA:167,15,0,0
BRDA:167,15,1,0
BRDA:167,15,2,0
BRDA:167,15,3,0
BRDA:167,15,4,0
BRDA:167,15,5,0
BRDA:167,15,6,0
BRDA:167,15,7,0
BRDA:167,16,0,0
BRDA:167,16,1,0
BRDA:182,17,0,0
BRDA:182,17,1,0
BRDA:182,17,2,0
BRDA:182,17,3,0
BRDA:182,17,4,0
BRDA:182,17,5,0
BRDA:182,17,6,0
BRDA:182,17,7,0
BRDA:182,18,0,0
BRDA:182,18,1,0
BRDA:197,19,0,0
BRDA:197,19,1,0
BRDA:197,19,2,0
BRDA:197,19,3,0
BRDA:197,19,4,0
BRDA:197,19,5,0
BRDA:197,19,6,0
BRDA:222,20,0,0
BRDA:222,20,1,0
BRDA:222,20,2,0
BRDA:222,20,3,0
BRDA:222,20,4,0
BRDA:222,20,5,0
BRDA:222,20,6,0
BRDA:245,21,0,0
BRDA:245,21,1,0
BRDA:245,21,2,0
BRDA:245,21,3,0
BRDA:245,21,4,0
BRDA:245,21,5,0
BRDA:245,21,6,0
BRDA:245,21,7,0
BRDA:245,22,0,0
BRDA:245,22,1,0
BRF:114
BRH:0
end_of_record
TN:
SF:C:/Users/AAB3605/Documents/ViseoCompanion/MobileApp/app/util/event.js
FN:25,(anonymous_3)
FNF:1
FNH:0
FNDA:0,(anonymous_3)
DA:5,1
DA:15,6
DA:17,3
DA:18,3
DA:19,3
DA:20,3
DA:21,3
DA:22,3
DA:26,0
DA:27,0
DA:28,0
DA:29,0
LF:12
LH:8
BRDA:26,0,0,0
BRDA:26,0,1,0
BRF:2
BRH:0
end_of_record
TN:
SF:C:/Users/AAB3605/Documents/ViseoCompanion/MobileApp/app/util/localizedStrings.js
FNF:0
FNH:0
DA:4,1
DA:7,1
LF:2
LH:2
BRF:0
BRH:0
end_of_record
TN:
SF:C:/Users/AAB3605/Documents/ViseoCompanion/MobileApp/app/util/user.js
FNF:0
FNH:0
DA:9,0
DA:11,0
DA:12,0
DA:13,0
DA:14,0
DA:15,0
DA:19,0
DA:23,0
DA:27,0
DA:31,0
DA:35,0
DA:39,0
DA:43,0
DA:47,0
DA:51,0
DA:55,0
LF:16
LH:0
BRF:0
BRH:0
end_of_record
TN:
SF:C:\Users\AAB3605\Documents\ViseoCompanion\MobileApp\app\util\util.js
FN:24,_interopRequireDefault
FN:24,hasEmptyElement
FN:24,isEmailValid
FN:24,isPasswordValid
FN:24,getCategoryColor
FNF:5
FNH:2
FNDA:1,_interopRequireDefault
FNDA:0,hasEmptyElement
FNDA:0,isEmailValid
FNDA:0,isPasswordValid
FNDA:5,getCategoryColor
DA:1,1
DA:6,1
DA:15,1
DA:20,1
DA:24,1
DA:25,5
DA:26,5
LF:7
LH:7
BRDA:24,0,0,1
BRDA:24,0,1,0
BRDA:24,1,0,1
BRDA:24,1,1,1
BRDA:24,2,0,0
BRDA:24,2,1,0
BRDA:24,3,0,0
BRDA:24,3,1,0
BRDA:24,4,0,0
BRDA:24,4,1,0
BRF:10
BRH:3
end_of_record
