TN:
SF:C:/Users/AAB3605/Documents/ViseoCompanion/MobileApp/app/TestComponent.js
FN:23,(anonymous_11)
FNF:1
FNH:1
FNDA:4,(anonymous_11)
DA:4,1
DA:6,1
DA:12,4
DA:17,1
DA:21,2
DA:23,4
LF:6
LH:6
BRDA:12,0,0,2
BRDA:12,0,1,0
BRF:2
BRH:1
end_of_record
TN:
SF:C:/Users/AAB3605/Documents/ViseoCompanion/MobileApp/app/index.js
FN:25,(anonymous_11)
FN:46,renderScene
FN:51,onForward
FN:56,onPrint
FN:85,configureScene
FNF:5
FNH:0
FNDA:0,(anonymous_11)
FNDA:0,renderScene
FNDA:0,onForward
FNDA:0,onPrint
FNDA:0,configureScene
DA:4,0
DA:5,0
DA:6,0
DA:7,0
DA:8,0
DA:9,0
DA:10,0
DA:11,0
DA:14,0
DA:17,0
DA:18,0
DA:24,0
DA:25,0
DA:26,0
DA:27,0
DA:28,0
DA:30,0
DA:34,0
DA:35,0
DA:43,0
DA:47,0
DA:48,0
DA:49,0
DA:52,0
DA:57,0
DA:63,0
DA:64,0
DA:67,0
DA:68,0
DA:71,0
DA:72,0
DA:75,0
DA:76,0
DA:79,0
DA:80,0
DA:85,0
LF:36
LH:0
BRDA:14,0,0,0
BRDA:14,0,1,0
BRDA:26,1,0,0
BRDA:26,1,1,0
BRDA:26,2,0,0
BRDA:26,2,1,0
BRDA:48,3,0,0
BRDA:48,3,1,0
BRDA:63,4,0,0
BRDA:63,4,1,0
BRDA:67,5,0,0
BRDA:67,5,1,0
BRDA:71,6,0,0
BRDA:71,6,1,0
BRDA:75,7,0,0
BRDA:75,7,1,0
BRDA:79,8,0,0
BRDA:79,8,1,0
BRF:18
BRH:0
end_of_record
TN:
SF:C:/Users/AAB3605/Documents/ViseoCompanion/MobileApp/app/util.js
FN:5,hasEmptyElement
FN:14,isEmailValid
FN:19,isPasswordValid
FN:23,truncate
FNF:4
FNH:2
FNDA:0,hasEmptyElement
FNDA:3,isEmailValid
FNDA:1,isPasswordValid
FNDA:0,truncate
DA:6,0
DA:7,0
DA:8,0
DA:11,0
DA:15,3
DA:16,3
DA:20,1
DA:24,0
DA:25,0
DA:27,0
LF:10
LH:3
BRDA:7,0,0,0
BRDA:7,0,1,0
BRDA:7,1,0,0
BRDA:7,1,1,0
BRDA:20,2,0,1
BRDA:20,2,1,0
BRDA:24,3,0,0
BRDA:24,3,1,0
BRF:8
BRH:1
end_of_record
TN:
SF:C:/Users/AAB3605/Documents/ViseoCompanion/MobileApp/app/components/db.js
FN:8,addUser
FN:8,addUser$
FN:38,checkCredentials
FN:38,checkCredentials$
FN:63,getEvents
FN:63,getEvents$
FN:88,hasUser
FN:88,hasUser$
FNF:8
FNH:2
FNDA:5,addUser
FNDA:12,addUser$
FNDA:0,checkCredentials
FNDA:0,checkCredentials$
FNDA:0,getEvents
FNDA:0,getEvents$
FNDA:0,hasUser
FNDA:0,hasUser$
DA:4,1
DA:5,1
DA:6,1
DA:8,37
DA:16,1
DA:27,1
DA:32,0
DA:38,0
DA:40,0
DA:51,0
DA:56,0
DA:63,0
DA:65,0
DA:66,0
DA:68,0
DA:69,0
DA:70,0
DA:71,0
DA:82,0
DA:88,0
DA:90,0
DA:91,0
DA:96,0
LF:23
LH:6
BRDA:8,0,0,5
BRDA:8,0,1,2
BRDA:8,0,2,1
BRDA:8,0,3,1
BRDA:8,0,4,1
BRDA:8,0,5,0
BRDA:8,0,6,0
BRDA:8,0,7,0
BRDA:8,0,8,0
BRDA:8,0,9,5
BRDA:8,1,0,2
BRDA:8,1,1,3
BRDA:9,2,0,5
BRDA:9,2,1,3
BRDA:8,3,0,1
BRDA:8,3,1,1
BRDA:12,4,0,2
BRDA:12,4,1,1
BRDA:8,5,0,0
BRDA:8,5,1,1
BRDA:38,6,0,0
BRDA:38,6,1,0
BRDA:38,6,2,0
BRDA:38,6,3,0
BRDA:38,6,4,0
BRDA:38,6,5,0
BRDA:38,6,6,0
BRDA:38,6,7,0
BRDA:38,7,0,0
BRDA:38,7,1,0
BRDA:63,8,0,0
BRDA:63,8,1,0
BRDA:63,8,2,0
BRDA:63,8,3,0
BRDA:63,8,4,0
BRDA:63,8,5,0
BRDA:63,8,6,0
BRDA:88,9,0,0
BRDA:88,9,1,0
BRDA:88,9,2,0
BRDA:88,9,3,0
BRDA:88,9,4,0
BRDA:88,9,5,0
BRDA:88,9,6,0
BRDA:88,9,7,0
BRDA:88,10,0,0
BRDA:88,10,1,0
BRDA:92,11,0,0
BRDA:92,11,1,0
BRF:49
BRH:15
end_of_record
TN:
SF:C:/Users/AAB3605/Documents/ViseoCompanion/MobileApp/app/components/event.js
FNF:0
FNH:0
DA:12,0
DA:14,0
DA:15,0
DA:16,0
DA:17,0
DA:18,0
DA:22,0
DA:26,0
DA:30,0
DA:34,0
DA:38,0
DA:42,0
DA:46,0
DA:50,0
DA:54,0
DA:58,0
DA:62,0
DA:63,0
DA:64,0
DA:65,0
DA:67,0
LF:21
LH:0
BRDA:64,0,0,0
BRDA:64,0,1,0
BRF:2
BRH:0
end_of_record
TN:
SF:C:/Users/AAB3605/Documents/ViseoCompanion/MobileApp/app/components/localizedStrings.js
FNF:0
FNH:0
DA:4,0
DA:7,0
LF:2
LH:0
BRF:0
BRH:0
end_of_record
TN:
SF:C:/Users/AAB3605/Documents/ViseoCompanion/MobileApp/app/components/pushController.js
FN:13,onNotification
FNF:1
FNH:0
FNDA:0,onNotification
DA:5,0
DA:6,0
DA:10,0
DA:14,0
DA:20,0
LF:5
LH:0
BRF:0
BRH:0
end_of_record
TN:
SF:C:/Users/AAB3605/Documents/ViseoCompanion/MobileApp/app/config/settings.js
FNF:0
FNH:0
DA:9,1
DA:14,1
DA:15,1
DA:17,1
DA:28,1
DA:29,8
DA:32,1
DA:34,1
LF:8
LH:8
BRF:0
BRH:0
end_of_record
TN:
SF:C:/Users/AAB3605/Documents/ViseoCompanion/MobileApp/app/scenes/event.js
FN:79,(anonymous_12)
FN:80,(anonymous_13)
FN:88,(anonymous_14)
FN:89,(anonymous_15)
FN:101,(anonymous_16)
FN:102,(anonymous_17)
FN:132,(anonymous_19)
FN:133,(anonymous_20)
FN:138,(anonymous_21)
FN:139,(anonymous_22)
FNF:10
FNH:0
FNDA:0,(anonymous_12)
FNDA:0,(anonymous_13)
FNDA:0,(anonymous_14)
FNDA:0,(anonymous_15)
FNDA:0,(anonymous_16)
FNDA:0,(anonymous_17)
FNDA:0,(anonymous_19)
FNDA:0,(anonymous_20)
FNDA:0,(anonymous_21)
FNDA:0,(anonymous_22)
DA:7,0
DA:8,0
DA:19,0
DA:20,0
DA:28,0
DA:29,0
DA:30,0
DA:32,0
DA:33,0
DA:34,0
DA:36,0
DA:37,0
DA:38,0
DA:40,0
DA:41,0
DA:42,0
DA:44,0
DA:48,0
DA:49,0
DA:51,0
DA:56,0
DA:58,0
DA:60,0
DA:70,0
DA:71,0
DA:72,0
DA:73,0
DA:78,0
DA:79,0
DA:81,0
DA:82,0
DA:83,0
DA:87,0
DA:88,0
DA:90,0
DA:91,0
DA:92,0
DA:95,0
DA:96,0
DA:100,0
DA:101,0
DA:103,0
DA:104,0
DA:105,0
DA:112,0
DA:118,0
DA:119,0
DA:130,0
DA:131,0
DA:132,0
DA:134,0
DA:135,0
DA:136,0
DA:137,0
DA:138,0
DA:140,0
DA:145,0
DA:146,0
DA:154,0
DA:168,0
DA:177,0
DA:179,0
DA:204,0
DA:219,0
DA:228,0
DA:241,0
DA:254,0
DA:267,0
DA:280,0
DA:294,0
LF:70
LH:0
BRDA:48,0,0,0
BRDA:48,0,1,0
BRDA:56,1,0,0
BRDA:56,1,1,0
BRDA:91,2,0,0
BRDA:91,2,1,0
BRDA:104,3,0,0
BRDA:104,3,1,0
BRDA:145,4,0,0
BRDA:145,4,1,0
BRF:10
BRH:0
end_of_record
TN:
SF:C:/Users/AAB3605/Documents/ViseoCompanion/MobileApp/app/scenes/home.js
FN:44,rowHasChanged
FN:216,onPress
FNF:2
FNH:0
FNDA:0,rowHasChanged
FNDA:0,onPress
DA:4,1
DA:5,1
DA:22,1
DA:23,1
DA:24,1
DA:25,1
DA:26,1
DA:28,1
DA:29,1
DA:32,0
DA:33,0
DA:35,0
DA:40,6
DA:42,2
DA:44,0
DA:51,2
DA:55,0
DA:67,0
DA:74,0
DA:84,0
DA:93,2
DA:94,2
DA:98,2
DA:99,2
DA:100,0
DA:102,2
DA:106,2
DA:107,2
DA:109,2
DA:143,0
DA:159,0
DA:160,0
DA:161,0
DA:162,0
DA:165,0
DA:204,0
DA:207,0
DA:208,0
DA:209,0
DA:210,0
DA:213,0
DA:217,0
DA:239,0
DA:251,0
DA:260,2
DA:279,1
LF:46
LH:22
BRDA:32,0,0,0
BRDA:32,0,1,0
BRDA:40,1,0,2
BRDA:40,1,1,0
BRDA:99,2,0,0
BRDA:99,2,1,2
BRDA:100,3,0,0
BRDA:100,3,1,0
BRDA:107,4,0,0
BRDA:107,4,1,2
BRDA:110,5,0,2
BRDA:110,5,1,0
BRDA:160,6,0,0
BRDA:160,6,1,0
BRDA:208,7,0,0
BRDA:208,7,1,0
BRDA:282,8,0,1
BRDA:282,8,1,0
BRF:18
BRH:5
end_of_record
TN:
SF:C:/Users/AAB3605/Documents/ViseoCompanion/MobileApp/app/scenes/recoverPassword.js
FNF:0
FNH:0
DA:4,0
DA:5,0
DA:10,0
LF:3
LH:0
BRF:0
BRH:0
end_of_record
TN:
SF:C:/Users/AAB3605/Documents/ViseoCompanion/MobileApp/app/scenes/signIn.js
FN:139,onChangeText
FN:148,onSubmitEditing
FN:185,onChangeText
FN:195,onSubmitEditing
FNF:4
FNH:0
FNDA:0,onChangeText
FNDA:0,onSubmitEditing
FNDA:0,onChangeText
FNDA:0,onSubmitEditing
DA:5,0
DA:6,0
DA:23,0
DA:24,0
DA:25,0
DA:26,0
DA:27,0
DA:30,0
DA:33,0
DA:40,0
DA:41,0
DA:42,0
DA:43,0
DA:44,0
DA:48,0
DA:54,0
DA:68,0
DA:70,0
DA:72,0
DA:77,0
DA:80,0
DA:87,0
DA:93,0
DA:94,0
DA:95,0
DA:98,0
DA:102,0
DA:129,0
DA:134,0
DA:135,0
DA:139,0
DA:149,0
DA:150,0
DA:159,0
DA:170,0
DA:180,0
DA:181,0
DA:185,0
DA:196,0
DA:197,0
DA:206,0
DA:217,0
DA:228,0
LF:43
LH:0
BRDA:30,0,0,0
BRDA:30,0,1,0
BRDA:93,1,0,0
BRDA:93,1,1,0
BRDA:93,2,0,0
BRDA:93,2,1,0
BRDA:149,3,0,0
BRDA:149,3,1,0
BRDA:196,4,0,0
BRDA:196,4,1,0
BRF:10
BRH:0
end_of_record
TN:
SF:C:/Users/AAB3605/Documents/ViseoCompanion/MobileApp/app/scenes/signUp.js
FN:163,onSubmitEditing
FN:186,onSubmitEditing
FN:209,onSubmitEditing
FN:260,onRequestClose
FNF:4
FNH:0
FNDA:0,onSubmitEditing
FNDA:0,onSubmitEditing
FNDA:0,onSubmitEditing
FNDA:0,onRequestClose
DA:5,0
DA:6,0
DA:23,0
DA:24,0
DA:25,0
DA:26,0
DA:30,0
DA:33,0
DA:45,0
DA:46,0
DA:47,0
DA:48,0
DA:49,0
DA:50,0
DA:54,0
DA:58,0
DA:64,0
DA:72,0
DA:80,0
DA:82,0
DA:90,0
DA:113,0
DA:115,0
DA:119,0
DA:126,0
DA:127,0
DA:128,0
DA:131,0
DA:134,0
DA:135,0
DA:164,0
DA:187,0
DA:210,0
DA:211,0
DA:215,0
DA:216,0
DA:253,0
DA:254,0
DA:261,0
DA:294,0
DA:296,0
DA:298,0
DA:300,0
DA:302,0
DA:305,0
LF:45
LH:0
BRDA:30,0,0,0
BRDA:30,0,1,0
BRDA:66,1,0,0
BRDA:66,1,1,0
BRDA:74,2,0,0
BRDA:74,2,1,0
BRDA:80,3,0,0
BRDA:80,3,1,0
BRDA:126,4,0,0
BRDA:126,4,1,0
BRDA:126,5,0,0
BRDA:126,5,1,0
BRDA:126,5,2,0
BRDA:153,6,0,0
BRDA:153,6,1,0
BRDA:174,7,0,0
BRDA:174,7,1,0
BRDA:197,8,0,0
BRDA:197,8,1,0
BRDA:211,9,0,0
BRDA:211,9,1,0
BRDA:211,10,0,0
BRDA:211,10,1,0
BRDA:211,10,2,0
BRDA:211,10,3,0
BRDA:295,11,0,0
BRDA:295,11,1,0
BRDA:297,12,0,0
BRDA:297,12,1,0
BRDA:299,13,0,0
BRDA:299,13,1,0
BRDA:301,14,0,0
BRDA:301,14,1,0
BRDA:303,15,0,0
BRDA:303,15,1,0
BRF:35
BRH:0
end_of_record
TN:
SF:C:/Users/AAB3605/Documents/ViseoCompanion/MobileApp/app/scenes/testScene.js
FN:57,onValueChange
FNF:1
FNH:0
FNDA:0,onValueChange
DA:4,0
DA:5,0
DA:6,0
DA:7,0
DA:10,0
DA:13,0
DA:14,0
DA:20,0
DA:24,0
DA:28,0
DA:29,0
DA:33,0
DA:36,0
DA:37,0
DA:57,0
DA:69,0
LF:16
LH:0
BRDA:10,0,0,0
BRDA:10,0,1,0
BRDA:28,1,0,0
BRDA:28,1,1,0
BRF:4
BRH:0
end_of_record
TN:
SF:C:/Users/AAB3605/Documents/ViseoCompanion/MobileApp/app/styles/eventCard.js
FNF:0
FNH:0
DA:4,1
LF:1
LH:1
BRF:0
BRH:0
end_of_record
TN:
SF:C:/Users/AAB3605/Documents/ViseoCompanion/MobileApp/app/styles/form.js
FNF:0
FNH:0
DA:4,0
LF:1
LH:0
BRF:0
BRH:0
end_of_record
